<?xml version="1.0" encoding="UTF-8"?>
<!-- Generated by org.testng.reporters.JUnitReportReporter -->
<testsuite hostname="DESKTOP-R8GLCRB" failures="0" tests="1" name="kdf.Application" time="12.934" errors="0" timestamp="2022-06-22T11:21:53 EDT" skipped="0">
  <testcase classname="kdf.Application" name="verifyInvalidLogin" time="12.934"/>
  <system-out/>
</testsuite> <!-- kdf.Application -->
