<?xml version="1.0" encoding="UTF-8"?>
<!-- Generated by org.testng.reporters.JUnitReportReporter -->
<testsuite hostname="DESKTOP-R8GLCRB" failures="0" tests="1" name="com.webappsecurity.zero.testscripts.VerifyFundTransferTest" time="9.185" errors="0" timestamp="2022-06-21T20:46:42 EDT" skipped="0">
  <testcase classname="com.webappsecurity.zero.testscripts.VerifyFundTransferTest" name="verifyFundTransfer" time="9.185"/>
  <system-out/>
</testsuite> <!-- com.webappsecurity.zero.testscripts.VerifyFundTransferTest -->
